<?xml version="1.0" encoding="UTF-8"?>
<!-- Generated by org.testng.reporters.JUnitXMLReporter -->
<testsuite ignored="9" hostname="chinmayee" failures="0" tests="1" name="GRP-negative_test_case" time="2.214" errors="0" timestamp="2022-05-20T15:19:08 IST">
  <testcase classname="com.weavapi.testCases.Data_Browser_API.TC_002_get_row_all_files_map" name="CheckBadRequest" time="0.016"/>
  <testcase classname="com.weavapi.testCases.Data_Browser_API.TC_002_get_row_all_files_map" name="checkcolumns" time="0.0">
    <ignored/>
  </testcase> <!-- checkcolumns -->
  <testcase classname="com.weavapi.testCases.Data_Browser_API.TC_002_get_row_all_files_map" name="checkSortcolumn" time="0.0">
    <ignored/>
  </testcase> <!-- checkSortcolumn -->
  <testcase classname="com.weavapi.testCases.Data_Browser_API.TC_002_get_row_all_files_map" name="checkstatusLine" time="0.0">
    <ignored/>
  </testcase> <!-- checkstatusLine -->
  <testcase classname="com.weavapi.testCases.Data_Browser_API.TC_002_get_row_all_files_map" name="checkResposeBody" time="0.0">
    <ignored/>
  </testcase> <!-- checkResposeBody -->
  <testcase classname="com.weavapi.testCases.Data_Browser_API.TC_002_get_row_all_files_map" name="CheckSummary" time="0.0">
    <ignored/>
  </testcase> <!-- CheckSummary -->
  <testcase classname="com.weavapi.testCases.Data_Browser_API.TC_002_get_row_all_files_map" name="checkmessage" time="0.0">
    <ignored/>
  </testcase> <!-- checkmessage -->
  <testcase classname="com.weavapi.testCases.Data_Browser_API.TC_002_get_row_all_files_map" name="checkRowCount" time="0.0">
    <ignored/>
  </testcase> <!-- checkRowCount -->
  <testcase classname="com.weavapi.testCases.Data_Browser_API.TC_002_get_row_all_files_map" name="checkResponseTime" time="0.0">
    <ignored/>
  </testcase> <!-- checkResponseTime -->
  <testcase classname="com.weavapi.testCases.Data_Browser_API.TC_002_get_row_all_files_map" name="checkStatusCode" time="0.0">
    <ignored/>
  </testcase> <!-- checkStatusCode -->
</testsuite> <!-- GRP-negative_test_case -->
