<?xml version="1.0" encoding="UTF-8"?>
<!-- Generated by org.testng.reporters.JUnitXMLReporter -->
<testsuite ignored="1" hostname="chinmayee" failures="0" tests="9" name="GRP-positive_test_case" time="5.314" errors="0" timestamp="2022-05-20T15:17:42 IST">
  <testcase classname="com.weavapi.testCases.Data_Browser_API.TC_002_get_row_all_files_map" name="CheckSummary" time="0.458"/>
  <testcase classname="com.weavapi.testCases.Data_Browser_API.TC_002_get_row_all_files_map" name="checkResponseTime" time="0.003"/>
  <testcase classname="com.weavapi.testCases.Data_Browser_API.TC_002_get_row_all_files_map" name="checkResposeBody" time="0.001"/>
  <testcase classname="com.weavapi.testCases.Data_Browser_API.TC_002_get_row_all_files_map" name="checkRowCount" time="0.021"/>
  <testcase classname="com.weavapi.testCases.Data_Browser_API.TC_002_get_row_all_files_map" name="checkSortcolumn" time="0.136"/>
  <testcase classname="com.weavapi.testCases.Data_Browser_API.TC_002_get_row_all_files_map" name="checkStatusCode" time="0.0"/>
  <testcase classname="com.weavapi.testCases.Data_Browser_API.TC_002_get_row_all_files_map" name="checkcolumns" time="0.006"/>
  <testcase classname="com.weavapi.testCases.Data_Browser_API.TC_002_get_row_all_files_map" name="checkmessage" time="0.009"/>
  <testcase classname="com.weavapi.testCases.Data_Browser_API.TC_002_get_row_all_files_map" name="checkstatusLine" time="0.001"/>
  <testcase classname="com.weavapi.testCases.Data_Browser_API.TC_002_get_row_all_files_map" name="CheckBadRequest" time="0.0">
    <ignored/>
  </testcase> <!-- CheckBadRequest -->
</testsuite> <!-- GRP-positive_test_case -->
