<?xml version="1.0" encoding="UTF-8"?>
<!-- Generated by org.testng.reporters.JUnitXMLReporter -->
<testsuite ignored="0" hostname="chinmayee" failures="0" tests="7" name="Default test" time="8.847" errors="0" timestamp="2022-05-05T16:14:12 IST">
  <testcase classname="com.weavapi.testCases.Data_Browser_API.TC_002_get_row_all_files" name="checkResponseTime" time="0.004"/>
  <testcase classname="com.weavapi.testCases.Data_Browser_API.TC_002_get_row_all_files" name="checkResposeBody" time="0.001"/>
  <testcase classname="com.weavapi.testCases.Data_Browser_API.TC_002_get_row_all_files" name="checkRowCount" time="0.115"/>
  <testcase classname="com.weavapi.testCases.Data_Browser_API.TC_002_get_row_all_files" name="checkSortcolumn" time="1.377"/>
  <testcase classname="com.weavapi.testCases.Data_Browser_API.TC_002_get_row_all_files" name="checkStatusCode" time="0.004"/>
  <testcase classname="com.weavapi.testCases.Data_Browser_API.TC_002_get_row_all_files" name="checkcolumns" time="0.011"/>
  <testcase classname="com.weavapi.testCases.Data_Browser_API.TC_002_get_row_all_files" name="checkstatusLine" time="0.001"/>
</testsuite> <!-- Default test -->
