<?xml version="1.0" encoding="UTF-8"?>
<testng-results ignored="0" total="12" passed="10" failed="2" skipped="0">
  <reporter-output>
  </reporter-output>
  <suite started-at="2022-05-20T18:04:54 IST" name="Default suite" finished-at="2022-05-20T18:05:04 IST" duration-ms="10393">
    <groups>
      <group name="negative_test_case">
        <method signature="TC_002_get_row_all_files_map.CheckBadRequest()[pri:0, instance:com.weavapi.testCases.Data_Browser_API.TC_002_get_row_all_files_map@48e92c5c]" name="CheckBadRequest" class="com.weavapi.testCases.Data_Browser_API.TC_002_get_row_all_files_map"/>
        <method signature="TC_002_get_row_all_files_map.CheckFileNotFound()[pri:0, instance:com.weavapi.testCases.Data_Browser_API.TC_002_get_row_all_files_map@48e92c5c]" name="CheckFileNotFound" class="com.weavapi.testCases.Data_Browser_API.TC_002_get_row_all_files_map"/>
      </group> <!-- negative_test_case -->
      <group name="positive_test_case">
        <method signature="TC_002_get_row_all_files_map.CheckAutofillMissing()[pri:0, instance:com.weavapi.testCases.Data_Browser_API.TC_002_get_row_all_files_map@48e92c5c]" name="CheckAutofillMissing" class="com.weavapi.testCases.Data_Browser_API.TC_002_get_row_all_files_map"/>
        <method signature="TC_002_get_row_all_files_map.CheckSummary()[pri:0, instance:com.weavapi.testCases.Data_Browser_API.TC_002_get_row_all_files_map@48e92c5c]" name="CheckSummary" class="com.weavapi.testCases.Data_Browser_API.TC_002_get_row_all_files_map"/>
        <method signature="TC_002_get_row_all_files_map.checkResponseTime()[pri:0, instance:com.weavapi.testCases.Data_Browser_API.TC_002_get_row_all_files_map@48e92c5c]" name="checkResponseTime" class="com.weavapi.testCases.Data_Browser_API.TC_002_get_row_all_files_map"/>
        <method signature="TC_002_get_row_all_files_map.checkResposeBody()[pri:0, instance:com.weavapi.testCases.Data_Browser_API.TC_002_get_row_all_files_map@48e92c5c]" name="checkResposeBody" class="com.weavapi.testCases.Data_Browser_API.TC_002_get_row_all_files_map"/>
        <method signature="TC_002_get_row_all_files_map.checkRowCount()[pri:0, instance:com.weavapi.testCases.Data_Browser_API.TC_002_get_row_all_files_map@48e92c5c]" name="checkRowCount" class="com.weavapi.testCases.Data_Browser_API.TC_002_get_row_all_files_map"/>
        <method signature="TC_002_get_row_all_files_map.checkSortcolumn()[pri:0, instance:com.weavapi.testCases.Data_Browser_API.TC_002_get_row_all_files_map@48e92c5c]" name="checkSortcolumn" class="com.weavapi.testCases.Data_Browser_API.TC_002_get_row_all_files_map"/>
        <method signature="TC_002_get_row_all_files_map.checkStatusCode()[pri:0, instance:com.weavapi.testCases.Data_Browser_API.TC_002_get_row_all_files_map@48e92c5c]" name="checkStatusCode" class="com.weavapi.testCases.Data_Browser_API.TC_002_get_row_all_files_map"/>
        <method signature="TC_002_get_row_all_files_map.checkcolumns()[pri:0, instance:com.weavapi.testCases.Data_Browser_API.TC_002_get_row_all_files_map@48e92c5c]" name="checkcolumns" class="com.weavapi.testCases.Data_Browser_API.TC_002_get_row_all_files_map"/>
        <method signature="TC_002_get_row_all_files_map.checkmessage()[pri:0, instance:com.weavapi.testCases.Data_Browser_API.TC_002_get_row_all_files_map@48e92c5c]" name="checkmessage" class="com.weavapi.testCases.Data_Browser_API.TC_002_get_row_all_files_map"/>
        <method signature="TC_002_get_row_all_files_map.checkstatusLine()[pri:0, instance:com.weavapi.testCases.Data_Browser_API.TC_002_get_row_all_files_map@48e92c5c]" name="checkstatusLine" class="com.weavapi.testCases.Data_Browser_API.TC_002_get_row_all_files_map"/>
      </group> <!-- positive_test_case -->
    </groups>
    <test started-at="2022-05-20T18:04:54 IST" name="Default test" finished-at="2022-05-20T18:05:04 IST" duration-ms="10393">
      <class name="com.weavapi.testCases.Data_Browser_API.TC_002_get_row_all_files_map">
        <test-method is-config="true" signature="addbypath()[pri:0, instance:com.weavapi.testCases.Data_Browser_API.TC_002_get_row_all_files_map@48e92c5c]" started-at="2022-05-20T18:04:54 IST" name="addbypath" finished-at="2022-05-20T18:04:56 IST" duration-ms="1912" status="PASS">
          <reporter-output>
          </reporter-output>
        </test-method> <!-- addbypath -->
        <test-method is-config="true" signature="getrowapi()[pri:0, instance:com.weavapi.testCases.Data_Browser_API.TC_002_get_row_all_files_map@48e92c5c]" started-at="2022-05-20T18:04:56 IST" name="getrowapi" finished-at="2022-05-20T18:05:02 IST" depends-on-methods="com.weavapi.testCases.Data_Browser_API.TC_001_Add_by_path.addbypath" duration-ms="6314" status="PASS">
          <reporter-output>
          </reporter-output>
        </test-method> <!-- getrowapi -->
        <test-method signature="CheckAutofillMissing()[pri:0, instance:com.weavapi.testCases.Data_Browser_API.TC_002_get_row_all_files_map@48e92c5c]" started-at="2022-05-20T18:05:02 IST" name="CheckAutofillMissing" finished-at="2022-05-20T18:05:03 IST" duration-ms="1264" status="PASS">
          <reporter-output>
          </reporter-output>
        </test-method> <!-- CheckAutofillMissing -->
        <test-method signature="CheckBadRequest()[pri:0, instance:com.weavapi.testCases.Data_Browser_API.TC_002_get_row_all_files_map@48e92c5c]" started-at="2022-05-20T18:05:03 IST" name="CheckBadRequest" finished-at="2022-05-20T18:05:03 IST" duration-ms="3" status="FAIL">
          <exception class="java.lang.AssertionError">
            <message>
              <![CDATA[expected [400] but found [200]]]>
            </message>
            <full-stacktrace>
              <![CDATA[java.lang.AssertionError: expected [400] but found [200]
at org.testng.Assert.fail(Assert.java:97)
at org.testng.Assert.assertEqualsImpl(Assert.java:136)
at org.testng.Assert.assertEquals(Assert.java:118)
at org.testng.Assert.assertEquals(Assert.java:839)
at org.testng.Assert.assertEquals(Assert.java:849)
at com.weavapi.testCases.Data_Browser_API.TC_002_get_row_all_files_map.CheckBadRequest(TC_002_get_row_all_files_map.java:332)
at java.base/jdk.internal.reflect.NativeMethodAccessorImpl.invoke0(Native Method)
at java.base/jdk.internal.reflect.NativeMethodAccessorImpl.invoke(NativeMethodAccessorImpl.java:62)
at java.base/jdk.internal.reflect.DelegatingMethodAccessorImpl.invoke(DelegatingMethodAccessorImpl.java:43)
at java.base/java.lang.reflect.Method.invoke(Method.java:566)
at org.testng.internal.MethodInvocationHelper.invokeMethod(MethodInvocationHelper.java:134)
at org.testng.internal.TestInvoker.invokeMethod(TestInvoker.java:597)
at org.testng.internal.TestInvoker.invokeTestMethod(TestInvoker.java:173)
at org.testng.internal.MethodRunner.runInSequence(MethodRunner.java:46)
at org.testng.internal.TestInvoker$MethodInvocationAgent.invoke(TestInvoker.java:816)
at org.testng.internal.TestInvoker.invokeTestMethods(TestInvoker.java:146)
at org.testng.internal.TestMethodWorker.invokeTestMethods(TestMethodWorker.java:146)
at org.testng.internal.TestMethodWorker.run(TestMethodWorker.java:128)
at java.base/java.util.ArrayList.forEach(ArrayList.java:1541)
at org.testng.TestRunner.privateRun(TestRunner.java:766)
at org.testng.TestRunner.run(TestRunner.java:587)
at org.testng.SuiteRunner.runTest(SuiteRunner.java:384)
at org.testng.SuiteRunner.runSequentially(SuiteRunner.java:378)
at org.testng.SuiteRunner.privateRun(SuiteRunner.java:337)
at org.testng.SuiteRunner.run(SuiteRunner.java:286)
at org.testng.SuiteRunnerWorker.runSuite(SuiteRunnerWorker.java:53)
at org.testng.SuiteRunnerWorker.run(SuiteRunnerWorker.java:96)
at org.testng.TestNG.runSuitesSequentially(TestNG.java:1187)
at org.testng.TestNG.runSuitesLocally(TestNG.java:1109)
at org.testng.TestNG.runSuites(TestNG.java:1039)
at org.testng.TestNG.run(TestNG.java:1007)
at org.testng.remote.AbstractRemoteTestNG.run(AbstractRemoteTestNG.java:115)
at org.testng.remote.RemoteTestNG.initAndRun(RemoteTestNG.java:251)
at org.testng.remote.RemoteTestNG.main(RemoteTestNG.java:77)
]]>
            </full-stacktrace>
          </exception> <!-- java.lang.AssertionError -->
          <reporter-output>
          </reporter-output>
        </test-method> <!-- CheckBadRequest -->
        <test-method signature="CheckFileNotFound()[pri:0, instance:com.weavapi.testCases.Data_Browser_API.TC_002_get_row_all_files_map@48e92c5c]" started-at="2022-05-20T18:05:03 IST" name="CheckFileNotFound" finished-at="2022-05-20T18:05:03 IST" duration-ms="2" status="FAIL">
          <exception class="java.lang.AssertionError">
            <message>
              <![CDATA[expected [500] but found [200]]]>
            </message>
            <full-stacktrace>
              <![CDATA[java.lang.AssertionError: expected [500] but found [200]
at org.testng.Assert.fail(Assert.java:97)
at org.testng.Assert.assertEqualsImpl(Assert.java:136)
at org.testng.Assert.assertEquals(Assert.java:118)
at org.testng.Assert.assertEquals(Assert.java:839)
at org.testng.Assert.assertEquals(Assert.java:849)
at com.weavapi.testCases.Data_Browser_API.TC_002_get_row_all_files_map.CheckFileNotFound(TC_002_get_row_all_files_map.java:345)
at java.base/jdk.internal.reflect.NativeMethodAccessorImpl.invoke0(Native Method)
at java.base/jdk.internal.reflect.NativeMethodAccessorImpl.invoke(NativeMethodAccessorImpl.java:62)
at java.base/jdk.internal.reflect.DelegatingMethodAccessorImpl.invoke(DelegatingMethodAccessorImpl.java:43)
at java.base/java.lang.reflect.Method.invoke(Method.java:566)
at org.testng.internal.MethodInvocationHelper.invokeMethod(MethodInvocationHelper.java:134)
at org.testng.internal.TestInvoker.invokeMethod(TestInvoker.java:597)
at org.testng.internal.TestInvoker.invokeTestMethod(TestInvoker.java:173)
at org.testng.internal.MethodRunner.runInSequence(MethodRunner.java:46)
at org.testng.internal.TestInvoker$MethodInvocationAgent.invoke(TestInvoker.java:816)
at org.testng.internal.TestInvoker.invokeTestMethods(TestInvoker.java:146)
at org.testng.internal.TestMethodWorker.invokeTestMethods(TestMethodWorker.java:146)
at org.testng.internal.TestMethodWorker.run(TestMethodWorker.java:128)
at java.base/java.util.ArrayList.forEach(ArrayList.java:1541)
at org.testng.TestRunner.privateRun(TestRunner.java:766)
at org.testng.TestRunner.run(TestRunner.java:587)
at org.testng.SuiteRunner.runTest(SuiteRunner.java:384)
at org.testng.SuiteRunner.runSequentially(SuiteRunner.java:378)
at org.testng.SuiteRunner.privateRun(SuiteRunner.java:337)
at org.testng.SuiteRunner.run(SuiteRunner.java:286)
at org.testng.SuiteRunnerWorker.runSuite(SuiteRunnerWorker.java:53)
at org.testng.SuiteRunnerWorker.run(SuiteRunnerWorker.java:96)
at org.testng.TestNG.runSuitesSequentially(TestNG.java:1187)
at org.testng.TestNG.runSuitesLocally(TestNG.java:1109)
at org.testng.TestNG.runSuites(TestNG.java:1039)
at org.testng.TestNG.run(TestNG.java:1007)
at org.testng.remote.AbstractRemoteTestNG.run(AbstractRemoteTestNG.java:115)
at org.testng.remote.RemoteTestNG.initAndRun(RemoteTestNG.java:251)
at org.testng.remote.RemoteTestNG.main(RemoteTestNG.java:77)
]]>
            </full-stacktrace>
          </exception> <!-- java.lang.AssertionError -->
          <reporter-output>
          </reporter-output>
        </test-method> <!-- CheckFileNotFound -->
        <test-method signature="CheckSummary()[pri:0, instance:com.weavapi.testCases.Data_Browser_API.TC_002_get_row_all_files_map@48e92c5c]" started-at="2022-05-20T18:05:03 IST" name="CheckSummary" finished-at="2022-05-20T18:05:04 IST" duration-ms="685" status="PASS">
          <reporter-output>
          </reporter-output>
        </test-method> <!-- CheckSummary -->
        <test-method signature="checkResponseTime()[pri:0, instance:com.weavapi.testCases.Data_Browser_API.TC_002_get_row_all_files_map@48e92c5c]" started-at="2022-05-20T18:05:04 IST" name="checkResponseTime" finished-at="2022-05-20T18:05:04 IST" duration-ms="2" status="PASS">
          <reporter-output>
          </reporter-output>
        </test-method> <!-- checkResponseTime -->
        <test-method signature="checkResposeBody()[pri:0, instance:com.weavapi.testCases.Data_Browser_API.TC_002_get_row_all_files_map@48e92c5c]" started-at="2022-05-20T18:05:04 IST" name="checkResposeBody" finished-at="2022-05-20T18:05:04 IST" duration-ms="1" status="PASS">
          <reporter-output>
          </reporter-output>
        </test-method> <!-- checkResposeBody -->
        <test-method signature="checkRowCount()[pri:0, instance:com.weavapi.testCases.Data_Browser_API.TC_002_get_row_all_files_map@48e92c5c]" started-at="2022-05-20T18:05:04 IST" name="checkRowCount" finished-at="2022-05-20T18:05:04 IST" duration-ms="11" status="PASS">
          <reporter-output>
          </reporter-output>
        </test-method> <!-- checkRowCount -->
        <test-method signature="checkSortcolumn()[pri:0, instance:com.weavapi.testCases.Data_Browser_API.TC_002_get_row_all_files_map@48e92c5c]" started-at="2022-05-20T18:05:04 IST" name="checkSortcolumn" finished-at="2022-05-20T18:05:04 IST" duration-ms="125" status="PASS">
          <reporter-output>
          </reporter-output>
        </test-method> <!-- checkSortcolumn -->
        <test-method signature="checkStatusCode()[pri:0, instance:com.weavapi.testCases.Data_Browser_API.TC_002_get_row_all_files_map@48e92c5c]" started-at="2022-05-20T18:05:04 IST" name="checkStatusCode" finished-at="2022-05-20T18:05:04 IST" duration-ms="1" status="PASS">
          <reporter-output>
          </reporter-output>
        </test-method> <!-- checkStatusCode -->
        <test-method signature="checkcolumns()[pri:0, instance:com.weavapi.testCases.Data_Browser_API.TC_002_get_row_all_files_map@48e92c5c]" started-at="2022-05-20T18:05:04 IST" name="checkcolumns" finished-at="2022-05-20T18:05:04 IST" duration-ms="8" status="PASS">
          <reporter-output>
          </reporter-output>
        </test-method> <!-- checkcolumns -->
        <test-method signature="checkmessage()[pri:0, instance:com.weavapi.testCases.Data_Browser_API.TC_002_get_row_all_files_map@48e92c5c]" started-at="2022-05-20T18:05:04 IST" name="checkmessage" finished-at="2022-05-20T18:05:04 IST" duration-ms="7" status="PASS">
          <reporter-output>
          </reporter-output>
        </test-method> <!-- checkmessage -->
        <test-method signature="checkstatusLine()[pri:0, instance:com.weavapi.testCases.Data_Browser_API.TC_002_get_row_all_files_map@48e92c5c]" started-at="2022-05-20T18:05:04 IST" name="checkstatusLine" finished-at="2022-05-20T18:05:04 IST" duration-ms="2" status="PASS">
          <reporter-output>
          </reporter-output>
        </test-method> <!-- checkstatusLine -->
        <test-method is-config="true" signature="tearDown()[pri:0, instance:com.weavapi.testCases.Data_Browser_API.TC_002_get_row_all_files_map@48e92c5c]" started-at="2022-05-20T18:05:04 IST" name="tearDown" finished-at="2022-05-20T18:05:04 IST" duration-ms="0" status="PASS">
          <reporter-output>
          </reporter-output>
        </test-method> <!-- tearDown -->
      </class> <!-- com.weavapi.testCases.Data_Browser_API.TC_002_get_row_all_files_map -->
    </test> <!-- Default test -->
  </suite> <!-- Default suite -->
</testng-results>
