<?xml version="1.0" encoding="UTF-8"?>
<!-- Generated by org.testng.reporters.JUnitXMLReporter -->
<testsuite ignored="0" hostname="chinmayee" failures="0" tests="10" name="DataBrowserRestAPITest" time="1.775" errors="0" timestamp="2022-05-03T14:31:03 IST">
  <testcase classname="com.weavapi.testCases.Data_Browser_API.TC_001_Add_by_path" name="checkResponseTime" time="0.004"/>
  <testcase classname="com.weavapi.testCases.Data_Browser_API.TC_001_Add_by_path" name="checkResposeBody" time="0.001"/>
  <testcase classname="com.weavapi.testCases.Data_Browser_API.TC_001_Add_by_path" name="checkStatusCode" time="0.001"/>
  <testcase classname="com.weavapi.testCases.Data_Browser_API.TC_001_Add_by_path" name="checkstatusLine" time="0.001"/>
  <testcase classname="com.weavapi.testCases.Data_Browser_API.TC_002_get_row_all_files" name="checkResponseTime" time="0.0"/>
  <testcase classname="com.weavapi.testCases.Data_Browser_API.TC_002_get_row_all_files" name="checkResposeBody" time="0.001"/>
  <testcase classname="com.weavapi.testCases.Data_Browser_API.TC_002_get_row_all_files" name="checkStatusCode" time="0.001"/>
  <testcase classname="com.weavapi.testCases.Data_Browser_API.TC_002_get_row_all_files" name="checknumber" time="0.07"/>
  <testcase classname="com.weavapi.testCases.Data_Browser_API.TC_002_get_row_all_files" name="checkstatusLine" time="0.001"/>
  <testcase classname="com.weavapi.testCases.Data_Browser_API.TC_002_get_row_all_files" name="checkuser" time="0.009"/>
</testsuite> <!-- DataBrowserRestAPITest -->
