<?xml version="1.0" encoding="UTF-8"?>
<!-- Generated by org.testng.reporters.JUnitXMLReporter -->
<testsuite ignored="6" hostname="chinmayee" failures="0" tests="9" name="DataBrowserRestAPITest" time="6.046" errors="0" timestamp="2022-05-20T15:00:32 IST">
  <testcase classname="com.weavapi.testCases.Data_Browser_API.TC_001_Add_by_path" name="checkStatusCode" time="0.008"/>
  <testcase classname="com.weavapi.testCases.Data_Browser_API.TC_002_get_row_all_files_map" name="checkResponseTime" time="0.001"/>
  <testcase classname="com.weavapi.testCases.Data_Browser_API.TC_002_get_row_all_files_map" name="checkResposeBody" time="0.001"/>
  <testcase classname="com.weavapi.testCases.Data_Browser_API.TC_002_get_row_all_files_map" name="checkRowCount" time="0.052"/>
  <testcase classname="com.weavapi.testCases.Data_Browser_API.TC_002_get_row_all_files_map" name="checkSortcolumn" time="0.139"/>
  <testcase classname="com.weavapi.testCases.Data_Browser_API.TC_002_get_row_all_files_map" name="checkStatusCode" time="0.001"/>
  <testcase classname="com.weavapi.testCases.Data_Browser_API.TC_002_get_row_all_files_map" name="checkcolumns" time="0.009"/>
  <testcase classname="com.weavapi.testCases.Data_Browser_API.TC_002_get_row_all_files_map" name="checkmessage" time="0.009"/>
  <testcase classname="com.weavapi.testCases.Data_Browser_API.TC_002_get_row_all_files_map" name="checkstatusLine" time="0.001"/>
  <testcase classname="com.weavapi.testCases.Data_Browser_API.TC_001_Add_by_path" name="checkResposeBody" time="0.0">
    <ignored/>
  </testcase> <!-- checkResposeBody -->
  <testcase classname="com.weavapi.testCases.Data_Browser_API.TC_002_get_row_all_files_map" name="CheckSummary" time="0.0">
    <ignored/>
  </testcase> <!-- CheckSummary -->
  <testcase classname="com.weavapi.testCases.Data_Browser_API.TC_001_Add_by_path" name="checkstatusLine" time="0.0">
    <ignored/>
  </testcase> <!-- checkstatusLine -->
  <testcase classname="com.weavapi.testCases.Data_Browser_API.TC_001_Add_by_path" name="checkResponseTime" time="0.0">
    <ignored/>
  </testcase> <!-- checkResponseTime -->
  <testcase classname="com.weavapi.testCases.Data_Browser_API.TC_001_Add_by_path" name="checkmessage" time="0.0">
    <ignored/>
  </testcase> <!-- checkmessage -->
  <testcase classname="com.weavapi.testCases.Data_Browser_API.TC_001_Add_by_path" name="@BeforeTest addbypath" time="0.0">
    <ignored/>
  </testcase> <!-- @BeforeTest addbypath -->
</testsuite> <!-- DataBrowserRestAPITest -->
